<?xml version="1.0" encoding="UTF-8"?>
<!-- Generated by org.testng.reporters.JUnitXMLReporter -->
<testsuite ignored="0" hostname="Raghav" failures="0" tests="2" name="Surefire test" time="28.142" errors="0" timestamp="2024-11-16T16:47:53 IST">
  <testcase classname="testCases.TC001_AccountRegistrationTest" name="Registration_Page" time="5.082"/>
  <testcase classname="testCases.TC001_AccountRegistrationTest" name="verify_Account_Registration" time="5.706"/>
</testsuite> <!-- Surefire test -->
