<?xml version="1.0" encoding="UTF-8"?>
<testng-results ignored="0" total="2" passed="2" failed="0" skipped="0">
  <reporter-output>
  </reporter-output>
  <suite started-at="2024-11-16T16:47:25 IST" name="Surefire suite" finished-at="2024-11-16T16:47:53 IST" duration-ms="28142">
    <groups>
    </groups>
    <test started-at="2024-11-16T16:47:25 IST" name="Surefire test" finished-at="2024-11-16T16:47:53 IST" duration-ms="28142">
      <class name="testCases.TC001_AccountRegistrationTest">
        <test-method is-config="true" signature="setUp()[pri:0, instance:testCases.TC001_AccountRegistrationTest@6fe7aac8]" started-at="2024-11-16T16:47:25 IST" name="setUp" finished-at="2024-11-16T16:47:41 IST" duration-ms="15911" status="PASS">
          <reporter-output>
          </reporter-output>
        </test-method> <!-- setUp -->
        <test-method signature="Registration_Page()[pri:1, instance:testCases.TC001_AccountRegistrationTest@6fe7aac8]" started-at="2024-11-16T16:47:41 IST" name="Registration_Page" finished-at="2024-11-16T16:47:46 IST" duration-ms="5082" status="PASS">
          <reporter-output>
          </reporter-output>
        </test-method> <!-- Registration_Page -->
        <test-method signature="verify_Account_Registration()[pri:2, instance:testCases.TC001_AccountRegistrationTest@6fe7aac8]" started-at="2024-11-16T16:47:46 IST" name="verify_Account_Registration" finished-at="2024-11-16T16:47:52 IST" depends-on-methods="testCases.TC001_AccountRegistrationTest.Registration_Page" duration-ms="5706" status="PASS">
          <reporter-output>
          </reporter-output>
        </test-method> <!-- verify_Account_Registration -->
        <test-method is-config="true" signature="tearDown()[pri:0, instance:testCases.TC001_AccountRegistrationTest@6fe7aac8]" started-at="2024-11-16T16:47:52 IST" name="tearDown" finished-at="2024-11-16T16:47:53 IST" duration-ms="1279" status="PASS">
          <reporter-output>
          </reporter-output>
        </test-method> <!-- tearDown -->
      </class> <!-- testCases.TC001_AccountRegistrationTest -->
    </test> <!-- Surefire test -->
  </suite> <!-- Surefire suite -->
</testng-results>
