<?xml version="1.0" encoding="UTF-8"?>
<testng-results ignored="0" total="2" passed="2" failed="0" skipped="0">
  <reporter-output>
  </reporter-output>
  <suite started-at="2024-11-10T15:38:10 IST" name="Default suite" finished-at="2024-11-10T15:38:30 IST" duration-ms="20491">
    <groups>
    </groups>
    <test started-at="2024-11-10T15:38:10 IST" name="Default test" finished-at="2024-11-10T15:38:30 IST" duration-ms="20491">
      <class name="testCases.TC001_AccountRegistrationTest">
        <test-method is-config="true" signature="setUp()[pri:0, instance:testCases.TC001_AccountRegistrationTest@62ddbd7e]" started-at="2024-11-10T15:38:10 IST" name="setUp" finished-at="2024-11-10T15:38:25 IST" duration-ms="15450" status="PASS">
          <reporter-output>
          </reporter-output>
        </test-method> <!-- setUp -->
        <test-method signature="Registration_Page()[pri:1, instance:testCases.TC001_AccountRegistrationTest@62ddbd7e]" started-at="2024-11-10T15:38:25 IST" name="Registration_Page" finished-at="2024-11-10T15:38:27 IST" duration-ms="1776" status="PASS">
          <reporter-output>
          </reporter-output>
        </test-method> <!-- Registration_Page -->
        <test-method signature="verify_Account_Registration()[pri:2, instance:testCases.TC001_AccountRegistrationTest@62ddbd7e]" started-at="2024-11-10T15:38:27 IST" name="verify_Account_Registration" finished-at="2024-11-10T15:38:30 IST" depends-on-methods="testCases.TC001_AccountRegistrationTest.Registration_Page" duration-ms="2631" status="PASS">
          <reporter-output>
          </reporter-output>
        </test-method> <!-- verify_Account_Registration -->
        <test-method is-config="true" signature="tearDown()[pri:0, instance:testCases.TC001_AccountRegistrationTest@62ddbd7e]" started-at="2024-11-10T15:38:30 IST" name="tearDown" finished-at="2024-11-10T15:38:30 IST" duration-ms="364" status="PASS">
          <reporter-output>
          </reporter-output>
        </test-method> <!-- tearDown -->
      </class> <!-- testCases.TC001_AccountRegistrationTest -->
    </test> <!-- Default test -->
  </suite> <!-- Default suite -->
</testng-results>
